#
# There is insufficient memory for the Java Runtime Environment to continue.
# Native memory allocation (mmap) failed to map 257949696 bytes. Error detail: G1 virtual space
# Possible reasons:
#   The system is out of physical RAM or swap space
#   This process is running with CompressedOops enabled, and the Java Heap may be blocking the growth of the native heap
# Possible solutions:
#   Reduce memory load on the system
#   Increase physical memory or swap space
#   Check if swap backing store is full
#   Decrease Java heap size (-Xmx/-Xms)
#   Decrease number of Java threads
#   Decrease Java thread stack sizes (-Xss)
#   Set larger code cache with -XX:ReservedCodeCacheSize=
#   JVM is running with Zero Based Compressed Oops mode in which the Java heap is
#     placed in the first 32GB address space. The Java Heap base address is the
#     maximum limit for the native heap growth. Please use -XX:HeapBaseMinAddress
#     to set the Java Heap base and to place the Java Heap above 32GB virtual address.
# This output file may be truncated or incomplete.
#
#  Out of Memory Error (os_windows.cpp:3825), pid=29924, tid=14540
#
# JRE version:  (17.0.11+1) (build )
# Java VM: OpenJDK 64-Bit Server VM (17.0.11+1-b1207.24, mixed mode, sharing, tiered, compressed oops, compressed class ptrs, g1 gc, windows-amd64)
# No core dump will be written. Minidumps are not enabled by default on client versions of Windows
#

---------------  S U M M A R Y ------------

Command Line: git4idea.http.GitAskPassApp Username for 'https://github.com': 

Host: AMD Ryzen 7 5700U with Radeon Graphics         , 16 cores, 15G,  Windows 11 , 64 bit Build 22621 (10.0.22621.3672)
Time: Wed Aug  7 09:44:24 2024 RTZ 2 (s 11 , 64 bit Build 22621 (10.0.22621.3672) elapsed time: 0.014439 seconds (0d 0h 0m 0s)

---------------  T H R E A D  ---------------

Current thread (0x000002760d26f3a0):  JavaThread "Unknown thread" [_thread_in_vm, id=14540, stack(0x000000af98500000,0x000000af98600000)]

Stack: [0x000000af98500000,0x000000af98600000]
Native frames: (J=compiled Java code, j=interpreted, Vv=VM code, C=native code)
V  [jvm.dll+0x6877f9]
V  [jvm.dll+0x8411aa]
V  [jvm.dll+0x842e2e]
V  [jvm.dll+0x843493]
V  [jvm.dll+0x249fdf]
V  [jvm.dll+0x6845c9]
V  [jvm.dll+0x678e7a]
V  [jvm.dll+0x30ab4b]
V  [jvm.dll+0x311ff6]
V  [jvm.dll+0x361a5e]
V  [jvm.dll+0x361c8f]
V  [jvm.dll+0x2e0978]
V  [jvm.dll+0x2e18e4]
V  [jvm.dll+0x811c71]
V  [jvm.dll+0x36f7c8]
V  [jvm.dll+0x7f05f6]
V  [jvm.dll+0x3f398f]
V  [jvm.dll+0x3f5541]
C  [jli.dll+0x528f]
C  [ucrtbase.dll+0x29333]
C  [KERNEL32.DLL+0x1257d]
C  [ntdll.dll+0x5af28]


---------------  P R O C E S S  ---------------

Threads class SMR info:
_java_thread_list=0x00007ffb8e01efd8, length=0, elements={
}

Java Threads: ( => current thread )

Other Threads:
  0x000002760d2d8000 GCTaskThread "GC Thread#0" [stack: 0x000000af98600000,0x000000af98700000] [id=13740]
  0x000002760d2e84d0 ConcurrentGCThread "G1 Main Marker" [stack: 0x000000af98700000,0x000000af98800000] [id=5696]
  0x000002760d2ebe10 ConcurrentGCThread "G1 Conc#0" [stack: 0x000000af98800000,0x000000af98900000] [id=31772]

[error occurred during error reporting (printing all threads), id 0xc0000005, EXCEPTION_ACCESS_VIOLATION (0xc0000005) at pc=0x00007ffb8d7d1547]

VM state: not at safepoint (not fully initialized)

VM Mutex/Monitor currently owned by a thread:  ([mutex/lock_event])
[0x000002760d269650] Heap_lock - owner thread: 0x000002760d26f3a0

Heap address: 0x000000070a800000, size: 3928 MB, Compressed Oops mode: Zero based, Oop shift amount: 3

CDS archive(s) mapped at: [0x0000000000000000-0x0000000000000000-0x0000000000000000), size 0, SharedBaseAddress: 0x0000000800000000, ArchiveRelocationMode: 1.
Narrow klass base: 0x0000000000000000, Narrow klass shift: 0, Narrow klass range: 0x0

GC Precious Log:
<Empty>

Heap:
 garbage-first heap   total 0K, used 0K [0x000000070a800000, 0x0000000800000000)
  region size 2048K, 0 young (0K), 0 survivors (0K)
 Metaspace       used 0K, committed 0K, reserved 0K
  class space    used 0K, committed 0K, reserved 0K

Heap Regions: E=young(eden), S=young(survivor), O=old, HS=humongous(starts), HC=humongous(continues), CS=collection set, F=free, OA=open archive, CA=closed archive, TAMS=top-at-mark-start (previous, next)

Card table byte_map: [0x0000027620a20000,0x00000276211d0000] _byte_map_base: 0x000002761d1cc000

Marking Bits (Prev, Next): (CMBitMap*) 0x000002760d2d8620, (CMBitMap*) 0x000002760d2d8660
 Prev Bits: [0x0000027621980000, 0x00000276256e0000)
 Next Bits: [0x00000276256e0000, 0x0000027629440000)

GC Heap History (0 events):
No events

Dll operation events (1 events):
Event: 0.007 Loaded shared library C:\Program Files\JetBrains\PyCharm 2024.1.4\jbr\bin\java.dll

Deoptimization events (0 events):
No events

Classes unloaded (0 events):
No events

Classes redefined (0 events):
No events

Internal exceptions (0 events):
No events

VM Operations (0 events):
No events

Events (0 events):
No events


Dynamic libraries:
0x00007ff7ebdf0000 - 0x00007ff7ebdfa000 	C:\Program Files\JetBrains\PyCharm 2024.1.4\jbr\bin\java.exe
0x00007ffbd6bb0000 - 0x00007ffbd6dc7000 	C:\Windows\SYSTEM32\ntdll.dll
0x00007ffbd5fb0000 - 0x00007ffbd6074000 	C:\Windows\System32\KERNEL32.DLL
0x00007ffbd4540000 - 0x00007ffbd48ed000 	C:\Windows\System32\KERNELBASE.dll
0x00007ffbd4280000 - 0x00007ffbd4391000 	C:\Windows\System32\ucrtbase.dll
0x00007ffbcaa70000 - 0x00007ffbcaa87000 	C:\Program Files\JetBrains\PyCharm 2024.1.4\jbr\bin\jli.dll
0x00007ffbd49e0000 - 0x00007ffbd4b8e000 	C:\Windows\System32\USER32.dll
0x00007ffbd3ee0000 - 0x00007ffbd3f06000 	C:\Windows\System32\win32u.dll
0x00007ffbd4900000 - 0x00007ffbd4929000 	C:\Windows\System32\GDI32.dll
0x00007ffbbdaa0000 - 0x00007ffbbdd33000 	C:\Windows\WinSxS\amd64_microsoft.windows.common-controls_6595b64144ccf1df_6.0.22621.3672_none_2713b9d173822955\COMCTL32.dll
0x00007ffbd4160000 - 0x00007ffbd4279000 	C:\Windows\System32\gdi32full.dll
0x00007ffbd40c0000 - 0x00007ffbd415a000 	C:\Windows\System32\msvcp_win.dll
0x00007ffbd4930000 - 0x00007ffbd49d7000 	C:\Windows\System32\msvcrt.dll
0x00007ffbb68d0000 - 0x00007ffbb68eb000 	C:\Program Files\JetBrains\PyCharm 2024.1.4\jbr\bin\VCRUNTIME140.dll
0x00007ffbd6b30000 - 0x00007ffbd6b61000 	C:\Windows\System32\IMM32.DLL
0x00007ffbc0f60000 - 0x00007ffbc0f6c000 	C:\Program Files\JetBrains\PyCharm 2024.1.4\jbr\bin\vcruntime140_1.dll
0x00007ffb94670000 - 0x00007ffb946fd000 	C:\Program Files\JetBrains\PyCharm 2024.1.4\jbr\bin\msvcp140.dll
0x00007ffb8d4e0000 - 0x00007ffb8e163000 	C:\Program Files\JetBrains\PyCharm 2024.1.4\jbr\bin\server\jvm.dll
0x00007ffbd4c00000 - 0x00007ffbd4cb2000 	C:\Windows\System32\ADVAPI32.dll
0x00007ffbd6760000 - 0x00007ffbd6809000 	C:\Windows\System32\sechost.dll
0x00007ffbd43a0000 - 0x00007ffbd43c8000 	C:\Windows\System32\bcrypt.dll
0x00007ffbd6910000 - 0x00007ffbd6a24000 	C:\Windows\System32\RPCRT4.dll
0x00007ffbd3800000 - 0x00007ffbd384d000 	C:\Windows\SYSTEM32\POWRPROF.dll
0x00007ffbc0880000 - 0x00007ffbc0889000 	C:\Windows\SYSTEM32\WSOCK32.dll
0x00007ffbce4f0000 - 0x00007ffbce524000 	C:\Windows\SYSTEM32\WINMM.dll
0x00007ffbcb6a0000 - 0x00007ffbcb6aa000 	C:\Windows\SYSTEM32\VERSION.dll
0x00007ffbd6660000 - 0x00007ffbd66d1000 	C:\Windows\System32\WS2_32.dll
0x00007ffbd37e0000 - 0x00007ffbd37f3000 	C:\Windows\SYSTEM32\UMPDC.dll
0x00007ffbd2ed0000 - 0x00007ffbd2ee8000 	C:\Windows\SYSTEM32\kernel.appcore.dll
0x00007ffbcf320000 - 0x00007ffbcf32a000 	C:\Program Files\JetBrains\PyCharm 2024.1.4\jbr\bin\jimage.dll
0x00007ffbd1270000 - 0x00007ffbd14a2000 	C:\Windows\SYSTEM32\DBGHELP.DLL
0x00007ffbd5760000 - 0x00007ffbd5ae8000 	C:\Windows\System32\combase.dll
0x00007ffbd5af0000 - 0x00007ffbd5bc7000 	C:\Windows\System32\OLEAUT32.dll
0x00007ffbc2f30000 - 0x00007ffbc2f62000 	C:\Windows\SYSTEM32\dbgcore.DLL
0x00007ffbd3f10000 - 0x00007ffbd3f8b000 	C:\Windows\System32\bcryptPrimitives.dll
0x00007ffbcaae0000 - 0x00007ffbcab05000 	C:\Program Files\JetBrains\PyCharm 2024.1.4\jbr\bin\java.dll

dbghelp: loaded successfully - version: 4.0.5 - missing functions: none
symbol engine: initialized successfully - sym options: 0x614 - pdb path: .;C:\Program Files\JetBrains\PyCharm 2024.1.4\jbr\bin;C:\Windows\SYSTEM32;C:\Windows\WinSxS\amd64_microsoft.windows.common-controls_6595b64144ccf1df_6.0.22621.3672_none_2713b9d173822955;C:\Program Files\JetBrains\PyCharm 2024.1.4\jbr\bin\server

VM Arguments:
java_command: git4idea.http.GitAskPassApp Username for 'https://github.com': 
java_class_path (initial): C:/Program Files/JetBrains/PyCharm 2024.1.4/plugins/vcs-git/lib/git4idea-rt.jar;C:/Program Files/JetBrains/PyCharm 2024.1.4/lib/externalProcess-rt.jar
Launcher Type: SUN_STANDARD

[Global flags]
     intx CICompilerCount                          = 12                                        {product} {ergonomic}
     uint ConcGCThreads                            = 3                                         {product} {ergonomic}
     uint G1ConcRefinementThreads                  = 13                                        {product} {ergonomic}
   size_t G1HeapRegionSize                         = 2097152                                   {product} {ergonomic}
    uintx GCDrainStackTargetSize                   = 64                                        {product} {ergonomic}
   size_t InitialHeapSize                          = 257949696                                 {product} {ergonomic}
   size_t MarkStackSize                            = 4194304                                   {product} {ergonomic}
   size_t MaxHeapSize                              = 4118806528                                {product} {ergonomic}
   size_t MinHeapDeltaBytes                        = 2097152                                   {product} {ergonomic}
   size_t MinHeapSize                              = 8388608                                   {product} {ergonomic}
    uintx NonNMethodCodeHeapSize                   = 7602480                                {pd product} {ergonomic}
    uintx NonProfiledCodeHeapSize                  = 122027880                              {pd product} {ergonomic}
    uintx ProfiledCodeHeapSize                     = 122027880                              {pd product} {ergonomic}
    uintx ReservedCodeCacheSize                    = 251658240                              {pd product} {ergonomic}
     bool SegmentedCodeCache                       = true                                      {product} {ergonomic}
   size_t SoftMaxHeapSize                          = 4118806528                             {manageable} {ergonomic}
     bool UseCompressedClassPointers               = true                           {product lp64_product} {ergonomic}
     bool UseCompressedOops                        = true                           {product lp64_product} {ergonomic}
     bool UseG1GC                                  = true                                      {product} {ergonomic}
     bool UseLargePagesIndividualAllocation        = false                                  {pd product} {ergonomic}

Logging:
Log output configuration:
 #0: stdout all=warning uptime,level,tags
 #1: stderr all=off uptime,level,tags

Environment Variables:
PATH=C:\Users\moi\AppData\Local\Programs\Git\mingw64\libexec\git-core;C:\Users\moi\AppData\Local\Programs\Git\mingw64\libexec\git-core;C:\Users\moi\AppData\Local\Programs\Git\mingw64\bin;C:\Users\moi\AppData\Local\Programs\Git\usr\bin;C:\Users\moi\bin;C:\Users\moi\Desktop\student\is_demo\venv\Scripts;C:\Windows\system32;C:\Windows;C:\Windows\System32\Wbem;C:\Windows\System32\WindowsPowerShell\v1.0;C:\Windows\System32\OpenSSH;C:\Windows\system32\config\systemprofile\AppData\Local\Microsoft\WindowsApps;C:\windows\system32\HWAudioDriver;C:\Users\moi\AppData\Local\Programs\Python\Launcher;C:\Users\moi\AppData\Local\Microsoft\WindowsApps;C:\Users\moi\AppData\Local\Programs\Git\cmd;C:\Users\moi\nvm\v18.17.1;C:\Users\moi\nvm\v16.17.1;C:\Users\moi\nvm\v17.9.1;C:\Users\moi\nvm\v18.19.1;C:\Users\moi\nvm\v20.12.1;C:\Users\moi\nvm
USERNAME=moi
DISPLAY=:0.0
LC_ALL=en_US.UTF-8
TERM=xterm-256color
TMPDIR=C:\Users\moi\AppData\Local\Temp
OS=Windows_NT
PROCESSOR_IDENTIFIER=AMD64 Family 23 Model 104 Stepping 1, AuthenticAMD
TMP=C:\Users\moi\AppData\Local\Temp
TEMP=C:\Users\moi\AppData\Local\Temp



Periodic native trim disabled

JNI global refs:
JNI global refs: 0, weak refs: 0

JNI global refs memory usage: 0, weak refs: 0

Process memory usage:
Resident Set Size: 11816K (0% of 16083516K total physical memory with 3881056K free physical memory)

OOME stack traces (most recent first):
Classloader memory used:


---------------  S Y S T E M  ---------------

OS:
 Windows 11 , 64 bit Build 22621 (10.0.22621.3672)
OS uptime: 6 days 0:22 hours
Hyper-V role detected

CPU: total 16 (initial active 16) (16 cores per cpu, 2 threads per core) family 23 model 104 stepping 1 microcode 0x0, cx8, cmov, fxsr, ht, mmx, 3dnowpref, sse, sse2, sse3, ssse3, sse4a, sse4.1, sse4.2, popcnt, lzcnt, tsc, tscinvbit, avx, avx2, aes, clmul, bmi1, bmi2, adx, sha, fma, vzeroupper, clflush, clflushopt, hv
Processor Information for all 16 processors :
  Max Mhz: 1801, Current Mhz: 1801, Mhz Limit: 1801

Memory: 4k page, system-wide physical 15706M (3792M free)
TotalPageFile size 19802M (AvailPageFile size 513M)
current process WorkingSet (physical memory assigned to process): 11M, peak: 11M
current process commit charge ("private bytes"): 70M, peak: 316M

vm_info: OpenJDK 64-Bit Server VM (17.0.11+1-b1207.24) for windows-amd64 JRE (17.0.11+1-b1207.24), built on 2024-05-15 by "builduser" with MS VC++ 16.10 / 16.11 (VS2019)

END.
